ac75af92bbbd
*** Reading local file: /opt/airflow/logs/dag_id=smooth/run_id=manual__2024-08-09T15:39:58.216807+00:00/task_id=youtube_video/attempt=1.log
[2024-08-09T15:39:58.742+0000] {taskinstance.py:1083} INFO - Dependencies all met for <TaskInstance: smooth.youtube_video manual__2024-08-09T15:39:58.216807+00:00 [queued]>
[2024-08-09T15:39:58.750+0000] {taskinstance.py:1083} INFO - Dependencies all met for <TaskInstance: smooth.youtube_video manual__2024-08-09T15:39:58.216807+00:00 [queued]>
[2024-08-09T15:39:58.750+0000] {taskinstance.py:1279} INFO - 
--------------------------------------------------------------------------------
[2024-08-09T15:39:58.750+0000] {taskinstance.py:1280} INFO - Starting attempt 1 of 1
[2024-08-09T15:39:58.751+0000] {taskinstance.py:1281} INFO - 
--------------------------------------------------------------------------------
[2024-08-09T15:39:58.761+0000] {taskinstance.py:1300} INFO - Executing <Task(SmoothOperator): youtube_video> on 2024-08-09 15:39:58.216807+00:00
[2024-08-09T15:39:58.767+0000] {standard_task_runner.py:55} INFO - Started process 185 to run task
[2024-08-09T15:39:58.770+0000] {standard_task_runner.py:82} INFO - Running: ['***', 'tasks', 'run', 'smooth', 'youtube_video', 'manual__2024-08-09T15:39:58.216807+00:00', '--job-id', '3', '--raw', '--subdir', 'DAGS_FOLDER/smooth.py', '--cfg-path', '/tmp/tmpfcsb4j1x']
[2024-08-09T15:39:58.770+0000] {standard_task_runner.py:83} INFO - Job 3: Subtask youtube_video
[2024-08-09T15:39:58.828+0000] {task_command.py:388} INFO - Running <TaskInstance: smooth.youtube_video manual__2024-08-09T15:39:58.216807+00:00 [running]> on host ac75af92bbbd
[2024-08-09T15:39:58.884+0000] {taskinstance.py:1509} INFO - Exporting the following env vars:
AIRFLOW_CTX_DAG_OWNER=***
AIRFLOW_CTX_DAG_ID=smooth
AIRFLOW_CTX_TASK_ID=youtube_video
AIRFLOW_CTX_EXECUTION_DATE=2024-08-09T15:39:58.216807+00:00
AIRFLOW_CTX_TRY_NUMBER=1
AIRFLOW_CTX_DAG_RUN_ID=manual__2024-08-09T15:39:58.216807+00:00
[2024-08-09T15:39:58.885+0000] {smooth.py:37} INFO - Enjoy Sade - Smooth Operator: https://www.youtube.com/watch?v=4TYv2PhG89A
[2024-08-09T15:39:58.893+0000] {taskinstance.py:1323} INFO - Marking task as SUCCESS. dag_id=smooth, task_id=youtube_video, execution_date=20240809T153958, start_date=20240809T153958, end_date=20240809T153958
[2024-08-09T15:39:58.942+0000] {local_task_job.py:208} INFO - Task exited with return code 0
[2024-08-09T15:39:58.955+0000] {taskinstance.py:2578} INFO - 0 downstream tasks scheduled from follow-on schedule check

